Classic Timing Analyzer report for Mips
Sat Apr 21 01:08:13 2018
Quartus II Version 9.1 Build 350 03/24/2010 Service Pack 2 SJ Web Edition


---------------------
; Table of Contents ;
---------------------
  1. Legal Notice
  2. Timing Analyzer Summary
  3. Timing Analyzer Settings
  4. Parallel Compilation
  5. tpd
  6. Timing Analyzer Messages



----------------
; Legal Notice ;
----------------
Copyright (C) 1991-2010 Altera Corporation
Your use of Altera Corporation's design tools, logic functions 
and other software and tools, and its AMPP partner logic 
functions, and any output files from any of the foregoing 
(including device programming or simulation files), and any 
associated documentation or information are expressly subject 
to the terms and conditions of the Altera Program License 
Subscription Agreement, Altera MegaCore Function License 
Agreement, or other applicable license agreement, including, 
without limitation, that your use is for the sole purpose of 
programming logic devices manufactured by Altera and sold by 
Altera or its authorized distributors.  Please refer to the 
applicable agreement for further details.



+-----------------------------------------------------------------------------------------------------------------------------------+
; Timing Analyzer Summary                                                                                                           ;
+------------------------------+-------+---------------+-------------+------------+----------+------------+----------+--------------+
; Type                         ; Slack ; Required Time ; Actual Time ; From       ; To       ; From Clock ; To Clock ; Failed Paths ;
+------------------------------+-------+---------------+-------------+------------+----------+------------+----------+--------------+
; Worst-case tpd               ; N/A   ; None          ; 8.880 ns    ; entrada[3] ; saida[3] ; --         ; --       ; 0            ;
; Total number of failed paths ;       ;               ;             ;            ;          ;            ;          ; 0            ;
+------------------------------+-------+---------------+-------------+------------+----------+------------+----------+--------------+


+-----------------------------------------------------------------------------------------------------------------------------------------------------+
; Timing Analyzer Settings                                                                                                                            ;
+------------------------------------------------------------------------------------------------------+--------------------+------+----+-------------+
; Option                                                                                               ; Setting            ; From ; To ; Entity Name ;
+------------------------------------------------------------------------------------------------------+--------------------+------+----+-------------+
; Device Name                                                                                          ; EP2C70F672C6       ;      ;    ;             ;
; Timing Models                                                                                        ; Final              ;      ;    ;             ;
; Default hold multicycle                                                                              ; Same as Multicycle ;      ;    ;             ;
; Cut paths between unrelated clock domains                                                            ; On                 ;      ;    ;             ;
; Cut off read during write signal paths                                                               ; On                 ;      ;    ;             ;
; Cut off feedback from I/O pins                                                                       ; On                 ;      ;    ;             ;
; Report Combined Fast/Slow Timing                                                                     ; Off                ;      ;    ;             ;
; Ignore Clock Settings                                                                                ; Off                ;      ;    ;             ;
; Analyze latches as synchronous elements                                                              ; On                 ;      ;    ;             ;
; Enable Recovery/Removal analysis                                                                     ; Off                ;      ;    ;             ;
; Enable Clock Latency                                                                                 ; Off                ;      ;    ;             ;
; Use TimeQuest Timing Analyzer                                                                        ; Off                ;      ;    ;             ;
; Minimum Core Junction Temperature                                                                    ; 0                  ;      ;    ;             ;
; Maximum Core Junction Temperature                                                                    ; 85                 ;      ;    ;             ;
; Number of source nodes to report per destination node                                                ; 10                 ;      ;    ;             ;
; Number of destination nodes to report                                                                ; 10                 ;      ;    ;             ;
; Number of paths to report                                                                            ; 200                ;      ;    ;             ;
; Report Minimum Timing Checks                                                                         ; Off                ;      ;    ;             ;
; Use Fast Timing Models                                                                               ; Off                ;      ;    ;             ;
; Report IO Paths Separately                                                                           ; Off                ;      ;    ;             ;
; Perform Multicorner Analysis                                                                         ; On                 ;      ;    ;             ;
; Reports the worst-case path for each clock domain and analysis                                       ; Off                ;      ;    ;             ;
; Reports worst-case timing paths for each clock domain and analysis                                   ; On                 ;      ;    ;             ;
; Specifies the maximum number of worst-case timing paths to report for each clock domain and analysis ; 100                ;      ;    ;             ;
; Removes common clock path pessimism (CCPP) during slack computation                                  ; Off                ;      ;    ;             ;
; Output I/O Timing Endpoint                                                                           ; Near End           ;      ;    ;             ;
+------------------------------------------------------------------------------------------------------+--------------------+------+----+-------------+


Parallel compilation was disabled, but you have multiple processors available. Enable parallel compilation to reduce compilation time.
+-------------------------------------+
; Parallel Compilation                ;
+----------------------------+--------+
; Processors                 ; Number ;
+----------------------------+--------+
; Number detected on machine ; 2      ;
; Maximum allowed            ; 1      ;
+----------------------------+--------+


+-----------------------------------------------------------------------+
; tpd                                                                   ;
+-------+-------------------+-----------------+-------------+-----------+
; Slack ; Required P2P Time ; Actual P2P Time ; From        ; To        ;
+-------+-------------------+-----------------+-------------+-----------+
; N/A   ; None              ; 8.880 ns        ; entrada[3]  ; saida[3]  ;
; N/A   ; None              ; 8.829 ns        ; entrada[10] ; saida[10] ;
; N/A   ; None              ; 8.817 ns        ; entrada[13] ; saida[13] ;
; N/A   ; None              ; 8.810 ns        ; entrada[14] ; saida[14] ;
; N/A   ; None              ; 8.803 ns        ; entrada[8]  ; saida[8]  ;
; N/A   ; None              ; 8.795 ns        ; entrada[12] ; saida[12] ;
; N/A   ; None              ; 8.791 ns        ; entrada[1]  ; saida[1]  ;
; N/A   ; None              ; 8.755 ns        ; entrada[2]  ; saida[2]  ;
; N/A   ; None              ; 8.643 ns        ; entrada[15] ; saida[29] ;
; N/A   ; None              ; 8.643 ns        ; entrada[15] ; saida[20] ;
; N/A   ; None              ; 8.638 ns        ; entrada[15] ; saida[26] ;
; N/A   ; None              ; 8.633 ns        ; entrada[15] ; saida[31] ;
; N/A   ; None              ; 8.633 ns        ; entrada[15] ; saida[23] ;
; N/A   ; None              ; 8.628 ns        ; entrada[15] ; saida[27] ;
; N/A   ; None              ; 8.627 ns        ; entrada[0]  ; saida[0]  ;
; N/A   ; None              ; 8.618 ns        ; entrada[15] ; saida[25] ;
; N/A   ; None              ; 8.597 ns        ; entrada[15] ; saida[15] ;
; N/A   ; None              ; 8.596 ns        ; entrada[15] ; saida[22] ;
; N/A   ; None              ; 8.596 ns        ; entrada[15] ; saida[21] ;
; N/A   ; None              ; 8.587 ns        ; entrada[15] ; saida[24] ;
; N/A   ; None              ; 8.587 ns        ; entrada[15] ; saida[18] ;
; N/A   ; None              ; 8.254 ns        ; entrada[15] ; saida[28] ;
; N/A   ; None              ; 8.254 ns        ; entrada[15] ; saida[17] ;
; N/A   ; None              ; 8.253 ns        ; entrada[15] ; saida[30] ;
; N/A   ; None              ; 8.253 ns        ; entrada[15] ; saida[16] ;
; N/A   ; None              ; 8.143 ns        ; entrada[9]  ; saida[9]  ;
; N/A   ; None              ; 8.000 ns        ; entrada[4]  ; saida[4]  ;
; N/A   ; None              ; 7.950 ns        ; entrada[5]  ; saida[5]  ;
; N/A   ; None              ; 7.934 ns        ; entrada[11] ; saida[11] ;
; N/A   ; None              ; 7.920 ns        ; entrada[7]  ; saida[7]  ;
; N/A   ; None              ; 7.915 ns        ; entrada[15] ; saida[19] ;
; N/A   ; None              ; 7.914 ns        ; entrada[6]  ; saida[6]  ;
+-------+-------------------+-----------------+-------------+-----------+


+--------------------------+
; Timing Analyzer Messages ;
+--------------------------+
Info: *******************************************************************
Info: Running Quartus II Classic Timing Analyzer
    Info: Version 9.1 Build 350 03/24/2010 Service Pack 2 SJ Web Edition
    Info: Processing started: Sat Apr 21 01:08:13 2018
Info: Command: quartus_tan --read_settings_files=off --write_settings_files=off Mips -c Mips --timing_analysis_only
Info: Longest tpd from source pin "entrada[3]" to destination pin "saida[3]" is 8.880 ns
    Info: 1: + IC(0.000 ns) + CELL(0.840 ns) = 0.840 ns; Loc. = PIN_A18; Fanout = 1; PIN Node = 'entrada[3]'
    Info: 2: + IC(5.262 ns) + CELL(2.778 ns) = 8.880 ns; Loc. = PIN_F16; Fanout = 0; PIN Node = 'saida[3]'
    Info: Total cell delay = 3.618 ns ( 40.74 % )
    Info: Total interconnect delay = 5.262 ns ( 59.26 % )
Info: Quartus II Classic Timing Analyzer was successful. 0 errors, 0 warnings
    Info: Peak virtual memory: 231 megabytes
    Info: Processing ended: Sat Apr 21 01:08:13 2018
    Info: Elapsed time: 00:00:00
    Info: Total CPU time (on all processors): 00:00:01


